{"/Users/victor/Code/ftoy-cli/src/utils/command.ts": {"path":"/Users/victor/Code/ftoy-cli/src/utils/command.ts","statementMap":{"0":{"start":{"line":1,"column":0},"end":{"line":5,"column":22}},"1":{"start":{"line":9,"column":4},"end":{"line":18,"column":5}},"2":{"start":{"line":10,"column":6},"end":{"line":10,"column":57}},"3":{"start":{"line":12,"column":6},"end":{"line":17,"column":7}},"4":{"start":{"line":13,"column":8},"end":{"line":13,"column":64}},"5":{"start":{"line":14,"column":8},"end":{"line":14,"column":20}},"6":{"start":{"line":16,"column":8},"end":{"line":16,"column":21}},"7":{"start":{"line":25,"column":4},"end":{"line":29,"column":5}},"8":{"start":{"line":26,"column":6},"end":{"line":26,"column":57}},"9":{"start":{"line":28,"column":6},"end":{"line":28,"column":39}},"10":{"start":{"line":36,"column":4},"end":{"line":47,"column":5}},"11":{"start":{"line":37,"column":6},"end":{"line":37,"column":57}},"12":{"start":{"line":39,"column":6},"end":{"line":46,"column":9}},"13":{"start":{"line":40,"column":8},"end":{"line":45,"column":9}},"14":{"start":{"line":41,"column":22},"end":{"line":41,"column":51}},"15":{"start":{"line":42,"column":10},"end":{"line":42,"column":23}},"16":{"start":{"line":44,"column":10},"end":{"line":44,"column":30}},"17":{"start":{"line":7,"column":0},"end":{"line":49,"column":1}}},"fnMap":{"0":{"name":"(anonymous_0)","decl":{"start":{"line":8,"column":9},"end":{"line":8,"column":14}},"loc":{"start":{"line":8,"column":67},"end":{"line":19,"column":3}}},"1":{"name":"(anonymous_1)","decl":{"start":{"line":21,"column":9},"end":{"line":21,"column":14}},"loc":{"start":{"line":23,"column":52},"end":{"line":30,"column":3}}},"2":{"name":"(anonymous_2)","decl":{"start":{"line":32,"column":9},"end":{"line":32,"column":14}},"loc":{"start":{"line":34,"column":52},"end":{"line":48,"column":3}}},"3":{"name":"(anonymous_3)","decl":{"start":{"line":39,"column":25},"end":{"line":39,"column":26}},"loc":{"start":{"line":39,"column":45},"end":{"line":46,"column":7}}}},"branchMap":{"0":{"loc":{"start":{"line":8,"column":65},"end":{"line":8,"column":67}},"type":"default-arg","locations":[{"start":{"line":8,"column":65},"end":{"line":8,"column":67}}]},"1":{"loc":{"start":{"line":8,"column":49},"end":{"line":8,"column":60}},"type":"default-arg","locations":[{"start":{"line":8,"column":49},"end":{"line":8,"column":60}}]},"2":{"loc":{"start":{"line":9,"column":4},"end":{"line":18,"column":5}},"type":"if","locations":[{"start":{"line":9,"column":4},"end":{"line":18,"column":5}},{"start":{"line":9,"column":4},"end":{"line":18,"column":5}}]},"3":{"loc":{"start":{"line":23,"column":13},"end":{"line":23,"column":52}},"type":"default-arg","locations":[{"start":{"line":23,"column":13},"end":{"line":23,"column":52}}]},"4":{"loc":{"start":{"line":25,"column":4},"end":{"line":29,"column":5}},"type":"if","locations":[{"start":{"line":25,"column":4},"end":{"line":29,"column":5}},{"start":{"line":25,"column":4},"end":{"line":29,"column":5}}]},"5":{"loc":{"start":{"line":34,"column":13},"end":{"line":34,"column":52}},"type":"default-arg","locations":[{"start":{"line":34,"column":13},"end":{"line":34,"column":52}}]},"6":{"loc":{"start":{"line":36,"column":4},"end":{"line":47,"column":5}},"type":"if","locations":[{"start":{"line":36,"column":4},"end":{"line":47,"column":5}},{"start":{"line":36,"column":4},"end":{"line":47,"column":5}}]}},"s":{"0":4,"1":6,"2":1,"3":5,"4":5,"5":4,"6":1,"7":14,"8":1,"9":13,"10":7,"11":1,"12":6,"13":6,"14":6,"15":5,"16":1,"17":4},"f":{"0":6,"1":14,"2":7,"3":6},"b":{"0":[6],"1":[6],"2":[1,5],"3":[4],"4":[1,13],"5":[3],"6":[1,6]}}
,"/Users/victor/Code/ftoy-cli/src/utils/directory.ts": {"path":"/Users/victor/Code/ftoy-cli/src/utils/directory.ts","statementMap":{"0":{"start":{"line":1,"column":0},"end":{"line":1,"column":42}},"1":{"start":{"line":8,"column":4},"end":{"line":21,"column":5}},"2":{"start":{"line":9,"column":6},"end":{"line":9,"column":54}},"3":{"start":{"line":11,"column":18},"end":{"line":11,"column":56}},"4":{"start":{"line":12,"column":6},"end":{"line":19,"column":7}},"5":{"start":{"line":14,"column":10},"end":{"line":14,"column":66}},"6":{"start":{"line":14,"column":41},"end":{"line":14,"column":64}},"7":{"start":{"line":15,"column":10},"end":{"line":15,"column":16}},"8":{"start":{"line":17,"column":10},"end":{"line":17,"column":71}},"9":{"start":{"line":17,"column":41},"end":{"line":17,"column":69}},"10":{"start":{"line":18,"column":10},"end":{"line":18,"column":16}},"11":{"start":{"line":20,"column":6},"end":{"line":20,"column":34}},"12":{"start":{"line":3,"column":0},"end":{"line":23,"column":1}}},"fnMap":{"0":{"name":"(anonymous_0)","decl":{"start":{"line":4,"column":9},"end":{"line":4,"column":14}},"loc":{"start":{"line":6,"column":72},"end":{"line":22,"column":3}}},"1":{"name":"(anonymous_1)","decl":{"start":{"line":14,"column":31},"end":{"line":14,"column":32}},"loc":{"start":{"line":14,"column":41},"end":{"line":14,"column":64}}},"2":{"name":"(anonymous_2)","decl":{"start":{"line":17,"column":31},"end":{"line":17,"column":32}},"loc":{"start":{"line":17,"column":41},"end":{"line":17,"column":69}}}},"branchMap":{"0":{"loc":{"start":{"line":6,"column":70},"end":{"line":6,"column":72}},"type":"default-arg","locations":[{"start":{"line":6,"column":70},"end":{"line":6,"column":72}}]},"1":{"loc":{"start":{"line":6,"column":12},"end":{"line":6,"column":25}},"type":"default-arg","locations":[{"start":{"line":6,"column":12},"end":{"line":6,"column":25}}]},"2":{"loc":{"start":{"line":6,"column":34},"end":{"line":6,"column":65}},"type":"default-arg","locations":[{"start":{"line":6,"column":34},"end":{"line":6,"column":65}}]},"3":{"loc":{"start":{"line":8,"column":4},"end":{"line":21,"column":5}},"type":"if","locations":[{"start":{"line":8,"column":4},"end":{"line":21,"column":5}},{"start":{"line":8,"column":4},"end":{"line":21,"column":5}}]},"4":{"loc":{"start":{"line":13,"column":8},"end":{"line":15,"column":16}},"type":"switch","locations":[{"start":{"line":13,"column":8},"end":{"line":15,"column":16}},{"start":{"line":16,"column":8},"end":{"line":18,"column":16}}]}},"s":{"0":1,"1":5,"2":1,"3":4,"4":4,"5":1,"6":14,"7":1,"8":1,"9":14,"10":1,"11":4,"12":1},"f":{"0":5,"1":14,"2":14},"b":{"0":[2],"1":[4],"2":[3],"3":[1,4],"4":[1,1]}}
,"/Users/victor/Code/ftoy-cli/src/utils/git.ts": {"path":"/Users/victor/Code/ftoy-cli/src/utils/git.ts","statementMap":{"0":{"start":{"line":1,"column":0},"end":{"line":1,"column":56}},"1":{"start":{"line":3,"column":0},"end":{"line":3,"column":35}},"2":{"start":{"line":9,"column":4},"end":{"line":9,"column":41}},"3":{"start":{"line":10,"column":4},"end":{"line":10,"column":46}},"4":{"start":{"line":27,"column":4},"end":{"line":29,"column":5}},"5":{"start":{"line":28,"column":6},"end":{"line":28,"column":53}},"6":{"start":{"line":31,"column":4},"end":{"line":37,"column":6}},"7":{"start":{"line":56,"column":4},"end":{"line":74,"column":5}},"8":{"start":{"line":57,"column":6},"end":{"line":57,"column":54}},"9":{"start":{"line":59,"column":6},"end":{"line":73,"column":65}},"10":{"start":{"line":72,"column":38},"end":{"line":72,"column":46}},"11":{"start":{"line":73,"column":36},"end":{"line":73,"column":63}},"12":{"start":{"line":87,"column":4},"end":{"line":100,"column":5}},"13":{"start":{"line":88,"column":6},"end":{"line":88,"column":54}},"14":{"start":{"line":89,"column":11},"end":{"line":100,"column":5}},"15":{"start":{"line":90,"column":6},"end":{"line":90,"column":59}},"16":{"start":{"line":92,"column":22},"end":{"line":92,"column":69}},"17":{"start":{"line":93,"column":6},"end":{"line":99,"column":65}},"18":{"start":{"line":98,"column":38},"end":{"line":98,"column":46}},"19":{"start":{"line":99,"column":36},"end":{"line":99,"column":63}},"20":{"start":{"line":116,"column":4},"end":{"line":129,"column":5}},"21":{"start":{"line":117,"column":6},"end":{"line":117,"column":54}},"22":{"start":{"line":118,"column":11},"end":{"line":129,"column":5}},"23":{"start":{"line":119,"column":6},"end":{"line":119,"column":59}},"24":{"start":{"line":121,"column":22},"end":{"line":121,"column":69}},"25":{"start":{"line":122,"column":6},"end":{"line":128,"column":65}},"26":{"start":{"line":127,"column":38},"end":{"line":127,"column":46}},"27":{"start":{"line":128,"column":36},"end":{"line":128,"column":63}},"28":{"start":{"line":145,"column":4},"end":{"line":147,"column":5}},"29":{"start":{"line":146,"column":6},"end":{"line":146,"column":57}},"30":{"start":{"line":149,"column":4},"end":{"line":155,"column":5}},"31":{"start":{"line":150,"column":6},"end":{"line":150,"column":48}},"32":{"start":{"line":151,"column":6},"end":{"line":151,"column":68}},"33":{"start":{"line":152,"column":6},"end":{"line":152,"column":18}},"34":{"start":{"line":154,"column":6},"end":{"line":154,"column":19}},"35":{"start":{"line":175,"column":4},"end":{"line":175,"column":58}},"36":{"start":{"line":176,"column":4},"end":{"line":176,"column":66}},"37":{"start":{"line":190,"column":4},"end":{"line":195,"column":5}},"38":{"start":{"line":191,"column":18},"end":{"line":191,"column":56}},"39":{"start":{"line":192,"column":6},"end":{"line":192,"column":18}},"40":{"start":{"line":194,"column":6},"end":{"line":194,"column":18}},"41":{"start":{"line":211,"column":4},"end":{"line":213,"column":5}},"42":{"start":{"line":212,"column":6},"end":{"line":212,"column":53}},"43":{"start":{"line":214,"column":4},"end":{"line":214,"column":66}},"44":{"start":{"line":5,"column":0},"end":{"line":216,"column":1}}},"fnMap":{"0":{"name":"(anonymous_6)","decl":{"start":{"line":6,"column":9},"end":{"line":6,"column":14}},"loc":{"start":{"line":7,"column":69},"end":{"line":11,"column":3}}},"1":{"name":"(anonymous_7)","decl":{"start":{"line":24,"column":9},"end":{"line":24,"column":14}},"loc":{"start":{"line":24,"column":69},"end":{"line":38,"column":3}}},"2":{"name":"(anonymous_8)","decl":{"start":{"line":49,"column":9},"end":{"line":49,"column":14}},"loc":{"start":{"line":54,"column":10},"end":{"line":75,"column":3}}},"3":{"name":"(anonymous_9)","decl":{"start":{"line":72,"column":14},"end":{"line":72,"column":15}},"loc":{"start":{"line":72,"column":38},"end":{"line":72,"column":46}}},"4":{"name":"(anonymous_10)","decl":{"start":{"line":73,"column":15},"end":{"line":73,"column":16}},"loc":{"start":{"line":73,"column":36},"end":{"line":73,"column":63}}},"5":{"name":"(anonymous_11)","decl":{"start":{"line":86,"column":9},"end":{"line":86,"column":14}},"loc":{"start":{"line":86,"column":54},"end":{"line":101,"column":3}}},"6":{"name":"(anonymous_12)","decl":{"start":{"line":98,"column":14},"end":{"line":98,"column":15}},"loc":{"start":{"line":98,"column":38},"end":{"line":98,"column":46}}},"7":{"name":"(anonymous_13)","decl":{"start":{"line":99,"column":15},"end":{"line":99,"column":16}},"loc":{"start":{"line":99,"column":36},"end":{"line":99,"column":63}}},"8":{"name":"(anonymous_14)","decl":{"start":{"line":112,"column":9},"end":{"line":112,"column":14}},"loc":{"start":{"line":114,"column":16},"end":{"line":130,"column":3}}},"9":{"name":"(anonymous_15)","decl":{"start":{"line":127,"column":14},"end":{"line":127,"column":15}},"loc":{"start":{"line":127,"column":38},"end":{"line":127,"column":46}}},"10":{"name":"(anonymous_16)","decl":{"start":{"line":128,"column":15},"end":{"line":128,"column":16}},"loc":{"start":{"line":128,"column":36},"end":{"line":128,"column":63}}},"11":{"name":"(anonymous_17)","decl":{"start":{"line":141,"column":9},"end":{"line":141,"column":14}},"loc":{"start":{"line":143,"column":53},"end":{"line":156,"column":3}}},"12":{"name":"(anonymous_19)","decl":{"start":{"line":170,"column":9},"end":{"line":170,"column":14}},"loc":{"start":{"line":174,"column":8},"end":{"line":177,"column":3}}},"13":{"name":"(anonymous_21)","decl":{"start":{"line":187,"column":9},"end":{"line":187,"column":14}},"loc":{"start":{"line":188,"column":53},"end":{"line":196,"column":3}}},"14":{"name":"(anonymous_22)","decl":{"start":{"line":207,"column":9},"end":{"line":207,"column":14}},"loc":{"start":{"line":209,"column":53},"end":{"line":215,"column":3}}}},"branchMap":{"0":{"loc":{"start":{"line":7,"column":49},"end":{"line":7,"column":69}},"type":"default-arg","locations":[{"start":{"line":7,"column":49},"end":{"line":7,"column":69}}]},"1":{"loc":{"start":{"line":24,"column":67},"end":{"line":24,"column":69}},"type":"default-arg","locations":[{"start":{"line":24,"column":67},"end":{"line":24,"column":69}}]},"2":{"loc":{"start":{"line":24,"column":30},"end":{"line":24,"column":32}},"type":"default-arg","locations":[{"start":{"line":24,"column":30},"end":{"line":24,"column":32}}]},"3":{"loc":{"start":{"line":24,"column":41},"end":{"line":24,"column":43}},"type":"default-arg","locations":[{"start":{"line":24,"column":41},"end":{"line":24,"column":43}}]},"4":{"loc":{"start":{"line":24,"column":54},"end":{"line":24,"column":62}},"type":"default-arg","locations":[{"start":{"line":24,"column":54},"end":{"line":24,"column":62}}]},"5":{"loc":{"start":{"line":27,"column":4},"end":{"line":29,"column":5}},"type":"if","locations":[{"start":{"line":27,"column":4},"end":{"line":29,"column":5}},{"start":{"line":27,"column":4},"end":{"line":29,"column":5}}]},"6":{"loc":{"start":{"line":54,"column":8},"end":{"line":54,"column":10}},"type":"default-arg","locations":[{"start":{"line":54,"column":8},"end":{"line":54,"column":10}}]},"7":{"loc":{"start":{"line":52,"column":21},"end":{"line":52,"column":26}},"type":"default-arg","locations":[{"start":{"line":52,"column":21},"end":{"line":52,"column":26}}]},"8":{"loc":{"start":{"line":53,"column":19},"end":{"line":53,"column":65}},"type":"default-arg","locations":[{"start":{"line":53,"column":19},"end":{"line":53,"column":65}}]},"9":{"loc":{"start":{"line":56,"column":4},"end":{"line":74,"column":5}},"type":"if","locations":[{"start":{"line":56,"column":4},"end":{"line":74,"column":5}},{"start":{"line":56,"column":4},"end":{"line":74,"column":5}}]},"10":{"loc":{"start":{"line":87,"column":4},"end":{"line":100,"column":5}},"type":"if","locations":[{"start":{"line":87,"column":4},"end":{"line":100,"column":5}},{"start":{"line":87,"column":4},"end":{"line":100,"column":5}}]},"11":{"loc":{"start":{"line":89,"column":11},"end":{"line":100,"column":5}},"type":"if","locations":[{"start":{"line":89,"column":11},"end":{"line":100,"column":5}},{"start":{"line":89,"column":11},"end":{"line":100,"column":5}}]},"12":{"loc":{"start":{"line":116,"column":4},"end":{"line":129,"column":5}},"type":"if","locations":[{"start":{"line":116,"column":4},"end":{"line":129,"column":5}},{"start":{"line":116,"column":4},"end":{"line":129,"column":5}}]},"13":{"loc":{"start":{"line":118,"column":11},"end":{"line":129,"column":5}},"type":"if","locations":[{"start":{"line":118,"column":11},"end":{"line":129,"column":5}},{"start":{"line":118,"column":11},"end":{"line":129,"column":5}}]},"14":{"loc":{"start":{"line":142,"column":14},"end":{"line":142,"column":16}},"type":"default-arg","locations":[{"start":{"line":142,"column":14},"end":{"line":142,"column":16}}]},"15":{"loc":{"start":{"line":143,"column":14},"end":{"line":143,"column":53}},"type":"default-arg","locations":[{"start":{"line":143,"column":14},"end":{"line":143,"column":53}}]},"16":{"loc":{"start":{"line":145,"column":4},"end":{"line":147,"column":5}},"type":"if","locations":[{"start":{"line":145,"column":4},"end":{"line":147,"column":5}},{"start":{"line":145,"column":4},"end":{"line":147,"column":5}}]},"17":{"loc":{"start":{"line":149,"column":4},"end":{"line":155,"column":5}},"type":"if","locations":[{"start":{"line":149,"column":4},"end":{"line":155,"column":5}},{"start":{"line":149,"column":4},"end":{"line":155,"column":5}}]},"18":{"loc":{"start":{"line":174,"column":6},"end":{"line":174,"column":8}},"type":"default-arg","locations":[{"start":{"line":174,"column":6},"end":{"line":174,"column":8}}]},"19":{"loc":{"start":{"line":171,"column":13},"end":{"line":171,"column":21}},"type":"default-arg","locations":[{"start":{"line":171,"column":13},"end":{"line":171,"column":21}}]},"20":{"loc":{"start":{"line":172,"column":13},"end":{"line":172,"column":21}},"type":"default-arg","locations":[{"start":{"line":172,"column":13},"end":{"line":172,"column":21}}]},"21":{"loc":{"start":{"line":173,"column":14},"end":{"line":173,"column":53}},"type":"default-arg","locations":[{"start":{"line":173,"column":14},"end":{"line":173,"column":53}}]},"22":{"loc":{"start":{"line":188,"column":14},"end":{"line":188,"column":53}},"type":"default-arg","locations":[{"start":{"line":188,"column":14},"end":{"line":188,"column":53}}]},"23":{"loc":{"start":{"line":209,"column":14},"end":{"line":209,"column":53}},"type":"default-arg","locations":[{"start":{"line":209,"column":14},"end":{"line":209,"column":53}}]},"24":{"loc":{"start":{"line":211,"column":4},"end":{"line":213,"column":5}},"type":"if","locations":[{"start":{"line":211,"column":4},"end":{"line":213,"column":5}},{"start":{"line":211,"column":4},"end":{"line":213,"column":5}}]}},"s":{"0":2,"1":2,"2":0,"3":0,"4":3,"5":2,"6":1,"7":3,"8":1,"9":2,"10":1,"11":1,"12":5,"13":2,"14":3,"15":1,"16":2,"17":2,"18":1,"19":1,"20":5,"21":2,"22":3,"23":1,"24":2,"25":2,"26":0,"27":0,"28":3,"29":1,"30":2,"31":1,"32":1,"33":1,"34":1,"35":0,"36":0,"37":2,"38":2,"39":2,"40":0,"41":0,"42":0,"43":0,"44":2},"f":{"0":0,"1":3,"2":3,"3":1,"4":1,"5":5,"6":1,"7":1,"8":5,"9":0,"10":0,"11":3,"12":0,"13":2,"14":0},"b":{"0":[0],"1":[1],"2":[1],"3":[1],"4":[3],"5":[2,1],"6":[3],"7":[3],"8":[3],"9":[1,2],"10":[2,3],"11":[1,2],"12":[2,3],"13":[1,2],"14":[0],"15":[0],"16":[1,2],"17":[1,1],"18":[0],"19":[0],"20":[0],"21":[0],"22":[0],"23":[0],"24":[0,0]}}
,"/Users/victor/Code/ftoy-cli/src/utils/npm.ts": {"path":"/Users/victor/Code/ftoy-cli/src/utils/npm.ts","statementMap":{"0":{"start":{"line":1,"column":0},"end":{"line":1,"column":35}},"1":{"start":{"line":7,"column":4},"end":{"line":7,"column":73}},"2":{"start":{"line":7,"column":55},"end":{"line":7,"column":71}},"3":{"start":{"line":4,"column":16},"end":{"line":4,"column":51}},"4":{"start":{"line":3,"column":0},"end":{"line":9,"column":1}}},"fnMap":{"0":{"name":"(anonymous_0)","decl":{"start":{"line":6,"column":9},"end":{"line":6,"column":14}},"loc":{"start":{"line":6,"column":34},"end":{"line":8,"column":3}}},"1":{"name":"(anonymous_1)","decl":{"start":{"line":7,"column":46},"end":{"line":7,"column":47}},"loc":{"start":{"line":7,"column":55},"end":{"line":7,"column":71}}}},"branchMap":{},"s":{"0":1,"1":1,"2":3,"3":1,"4":1},"f":{"0":1,"1":3},"b":{}}
}
