{"/Users/victor/Code/ftoy-cli/src/utils/command.ts": {"path":"/Users/victor/Code/ftoy-cli/src/utils/command.ts","statementMap":{"0":{"start":{"line":1,"column":0},"end":{"line":5,"column":22}},"1":{"start":{"line":9,"column":4},"end":{"line":18,"column":5}},"2":{"start":{"line":10,"column":6},"end":{"line":10,"column":57}},"3":{"start":{"line":12,"column":6},"end":{"line":17,"column":7}},"4":{"start":{"line":13,"column":8},"end":{"line":13,"column":64}},"5":{"start":{"line":14,"column":8},"end":{"line":14,"column":20}},"6":{"start":{"line":16,"column":8},"end":{"line":16,"column":21}},"7":{"start":{"line":25,"column":4},"end":{"line":29,"column":5}},"8":{"start":{"line":26,"column":6},"end":{"line":26,"column":57}},"9":{"start":{"line":28,"column":6},"end":{"line":28,"column":39}},"10":{"start":{"line":36,"column":4},"end":{"line":47,"column":5}},"11":{"start":{"line":37,"column":6},"end":{"line":37,"column":57}},"12":{"start":{"line":39,"column":6},"end":{"line":46,"column":9}},"13":{"start":{"line":40,"column":8},"end":{"line":45,"column":9}},"14":{"start":{"line":41,"column":22},"end":{"line":41,"column":51}},"15":{"start":{"line":42,"column":10},"end":{"line":42,"column":23}},"16":{"start":{"line":44,"column":10},"end":{"line":44,"column":30}},"17":{"start":{"line":7,"column":0},"end":{"line":49,"column":1}}},"fnMap":{"0":{"name":"(anonymous_0)","decl":{"start":{"line":8,"column":9},"end":{"line":8,"column":14}},"loc":{"start":{"line":8,"column":67},"end":{"line":19,"column":3}}},"1":{"name":"(anonymous_1)","decl":{"start":{"line":21,"column":9},"end":{"line":21,"column":14}},"loc":{"start":{"line":23,"column":52},"end":{"line":30,"column":3}}},"2":{"name":"(anonymous_2)","decl":{"start":{"line":32,"column":9},"end":{"line":32,"column":14}},"loc":{"start":{"line":34,"column":52},"end":{"line":48,"column":3}}},"3":{"name":"(anonymous_3)","decl":{"start":{"line":39,"column":25},"end":{"line":39,"column":26}},"loc":{"start":{"line":39,"column":45},"end":{"line":46,"column":7}}}},"branchMap":{"0":{"loc":{"start":{"line":8,"column":65},"end":{"line":8,"column":67}},"type":"default-arg","locations":[{"start":{"line":8,"column":65},"end":{"line":8,"column":67}}]},"1":{"loc":{"start":{"line":8,"column":49},"end":{"line":8,"column":60}},"type":"default-arg","locations":[{"start":{"line":8,"column":49},"end":{"line":8,"column":60}}]},"2":{"loc":{"start":{"line":9,"column":4},"end":{"line":18,"column":5}},"type":"if","locations":[{"start":{"line":9,"column":4},"end":{"line":18,"column":5}},{"start":{"line":9,"column":4},"end":{"line":18,"column":5}}]},"3":{"loc":{"start":{"line":23,"column":13},"end":{"line":23,"column":52}},"type":"default-arg","locations":[{"start":{"line":23,"column":13},"end":{"line":23,"column":52}}]},"4":{"loc":{"start":{"line":25,"column":4},"end":{"line":29,"column":5}},"type":"if","locations":[{"start":{"line":25,"column":4},"end":{"line":29,"column":5}},{"start":{"line":25,"column":4},"end":{"line":29,"column":5}}]},"5":{"loc":{"start":{"line":34,"column":13},"end":{"line":34,"column":52}},"type":"default-arg","locations":[{"start":{"line":34,"column":13},"end":{"line":34,"column":52}}]},"6":{"loc":{"start":{"line":36,"column":4},"end":{"line":47,"column":5}},"type":"if","locations":[{"start":{"line":36,"column":4},"end":{"line":47,"column":5}},{"start":{"line":36,"column":4},"end":{"line":47,"column":5}}]}},"s":{"0":4,"1":6,"2":1,"3":5,"4":5,"5":4,"6":1,"7":22,"8":1,"9":21,"10":9,"11":1,"12":8,"13":8,"14":8,"15":4,"16":4,"17":4},"f":{"0":6,"1":22,"2":9,"3":8},"b":{"0":[6],"1":[6],"2":[1,5],"3":[5],"4":[1,21],"5":[3],"6":[1,8]}}
,"/Users/victor/Code/ftoy-cli/src/utils/directory.ts": {"path":"/Users/victor/Code/ftoy-cli/src/utils/directory.ts","statementMap":{"0":{"start":{"line":1,"column":0},"end":{"line":1,"column":42}},"1":{"start":{"line":8,"column":4},"end":{"line":21,"column":5}},"2":{"start":{"line":9,"column":6},"end":{"line":9,"column":54}},"3":{"start":{"line":11,"column":18},"end":{"line":11,"column":56}},"4":{"start":{"line":12,"column":6},"end":{"line":19,"column":7}},"5":{"start":{"line":14,"column":10},"end":{"line":14,"column":66}},"6":{"start":{"line":14,"column":41},"end":{"line":14,"column":64}},"7":{"start":{"line":15,"column":10},"end":{"line":15,"column":16}},"8":{"start":{"line":17,"column":10},"end":{"line":17,"column":71}},"9":{"start":{"line":17,"column":41},"end":{"line":17,"column":69}},"10":{"start":{"line":18,"column":10},"end":{"line":18,"column":16}},"11":{"start":{"line":20,"column":6},"end":{"line":20,"column":34}},"12":{"start":{"line":3,"column":0},"end":{"line":23,"column":1}}},"fnMap":{"0":{"name":"(anonymous_0)","decl":{"start":{"line":4,"column":9},"end":{"line":4,"column":14}},"loc":{"start":{"line":6,"column":72},"end":{"line":22,"column":3}}},"1":{"name":"(anonymous_1)","decl":{"start":{"line":14,"column":31},"end":{"line":14,"column":32}},"loc":{"start":{"line":14,"column":41},"end":{"line":14,"column":64}}},"2":{"name":"(anonymous_2)","decl":{"start":{"line":17,"column":31},"end":{"line":17,"column":32}},"loc":{"start":{"line":17,"column":41},"end":{"line":17,"column":69}}}},"branchMap":{"0":{"loc":{"start":{"line":6,"column":70},"end":{"line":6,"column":72}},"type":"default-arg","locations":[{"start":{"line":6,"column":70},"end":{"line":6,"column":72}}]},"1":{"loc":{"start":{"line":6,"column":12},"end":{"line":6,"column":25}},"type":"default-arg","locations":[{"start":{"line":6,"column":12},"end":{"line":6,"column":25}}]},"2":{"loc":{"start":{"line":6,"column":34},"end":{"line":6,"column":65}},"type":"default-arg","locations":[{"start":{"line":6,"column":34},"end":{"line":6,"column":65}}]},"3":{"loc":{"start":{"line":8,"column":4},"end":{"line":21,"column":5}},"type":"if","locations":[{"start":{"line":8,"column":4},"end":{"line":21,"column":5}},{"start":{"line":8,"column":4},"end":{"line":21,"column":5}}]},"4":{"loc":{"start":{"line":13,"column":8},"end":{"line":15,"column":16}},"type":"switch","locations":[{"start":{"line":13,"column":8},"end":{"line":15,"column":16}},{"start":{"line":16,"column":8},"end":{"line":18,"column":16}}]}},"s":{"0":1,"1":5,"2":1,"3":4,"4":4,"5":1,"6":15,"7":1,"8":1,"9":15,"10":1,"11":4,"12":1},"f":{"0":5,"1":15,"2":15},"b":{"0":[2],"1":[4],"2":[3],"3":[1,4],"4":[1,1]}}
,"/Users/victor/Code/ftoy-cli/src/utils/git.ts": {"path":"/Users/victor/Code/ftoy-cli/src/utils/git.ts","statementMap":{"0":{"start":{"line":1,"column":0},"end":{"line":1,"column":56}},"1":{"start":{"line":3,"column":0},"end":{"line":3,"column":35}},"2":{"start":{"line":17,"column":4},"end":{"line":17,"column":41}},"3":{"start":{"line":18,"column":4},"end":{"line":18,"column":38}},"4":{"start":{"line":19,"column":4},"end":{"line":19,"column":16}},"5":{"start":{"line":37,"column":4},"end":{"line":39,"column":5}},"6":{"start":{"line":38,"column":6},"end":{"line":38,"column":53}},"7":{"start":{"line":41,"column":4},"end":{"line":47,"column":6}},"8":{"start":{"line":66,"column":4},"end":{"line":84,"column":5}},"9":{"start":{"line":67,"column":6},"end":{"line":67,"column":54}},"10":{"start":{"line":69,"column":6},"end":{"line":83,"column":65}},"11":{"start":{"line":82,"column":38},"end":{"line":82,"column":46}},"12":{"start":{"line":83,"column":36},"end":{"line":83,"column":63}},"13":{"start":{"line":100,"column":4},"end":{"line":113,"column":5}},"14":{"start":{"line":101,"column":6},"end":{"line":101,"column":54}},"15":{"start":{"line":102,"column":11},"end":{"line":113,"column":5}},"16":{"start":{"line":103,"column":6},"end":{"line":103,"column":59}},"17":{"start":{"line":105,"column":22},"end":{"line":105,"column":69}},"18":{"start":{"line":106,"column":6},"end":{"line":112,"column":65}},"19":{"start":{"line":111,"column":38},"end":{"line":111,"column":46}},"20":{"start":{"line":112,"column":36},"end":{"line":112,"column":63}},"21":{"start":{"line":129,"column":4},"end":{"line":131,"column":5}},"22":{"start":{"line":130,"column":6},"end":{"line":130,"column":57}},"23":{"start":{"line":133,"column":4},"end":{"line":139,"column":5}},"24":{"start":{"line":134,"column":6},"end":{"line":134,"column":41}},"25":{"start":{"line":135,"column":6},"end":{"line":135,"column":61}},"26":{"start":{"line":136,"column":6},"end":{"line":136,"column":18}},"27":{"start":{"line":138,"column":6},"end":{"line":138,"column":19}},"28":{"start":{"line":159,"column":4},"end":{"line":159,"column":53}},"29":{"start":{"line":160,"column":4},"end":{"line":160,"column":66}},"30":{"start":{"line":174,"column":4},"end":{"line":179,"column":5}},"31":{"start":{"line":175,"column":18},"end":{"line":175,"column":56}},"32":{"start":{"line":176,"column":6},"end":{"line":176,"column":18}},"33":{"start":{"line":178,"column":6},"end":{"line":178,"column":18}},"34":{"start":{"line":195,"column":4},"end":{"line":197,"column":5}},"35":{"start":{"line":196,"column":6},"end":{"line":196,"column":53}},"36":{"start":{"line":198,"column":4},"end":{"line":198,"column":66}},"37":{"start":{"line":212,"column":4},"end":{"line":227,"column":6}},"38":{"start":{"line":214,"column":27},"end":{"line":222,"column":11}},"39":{"start":{"line":216,"column":25},"end":{"line":216,"column":50}},"40":{"start":{"line":218,"column":12},"end":{"line":221,"column":20}},"41":{"start":{"line":220,"column":29},"end":{"line":220,"column":50}},"42":{"start":{"line":224,"column":8},"end":{"line":224,"column":68}},"43":{"start":{"line":226,"column":12},"end":{"line":226,"column":30}},"44":{"start":{"line":244,"column":4},"end":{"line":254,"column":6}},"45":{"start":{"line":246,"column":20},"end":{"line":246,"column":44}},"46":{"start":{"line":247,"column":8},"end":{"line":251,"column":9}},"47":{"start":{"line":248,"column":10},"end":{"line":248,"column":66}},"48":{"start":{"line":250,"column":10},"end":{"line":250,"column":36}},"49":{"start":{"line":253,"column":12},"end":{"line":253,"column":30}},"50":{"start":{"line":5,"column":0},"end":{"line":256,"column":1}}},"fnMap":{"0":{"name":"(anonymous_6)","decl":{"start":{"line":14,"column":9},"end":{"line":14,"column":14}},"loc":{"start":{"line":15,"column":69},"end":{"line":20,"column":3}}},"1":{"name":"(anonymous_7)","decl":{"start":{"line":34,"column":9},"end":{"line":34,"column":14}},"loc":{"start":{"line":34,"column":69},"end":{"line":48,"column":3}}},"2":{"name":"(anonymous_8)","decl":{"start":{"line":59,"column":9},"end":{"line":59,"column":14}},"loc":{"start":{"line":64,"column":10},"end":{"line":85,"column":3}}},"3":{"name":"(anonymous_9)","decl":{"start":{"line":82,"column":14},"end":{"line":82,"column":15}},"loc":{"start":{"line":82,"column":38},"end":{"line":82,"column":46}}},"4":{"name":"(anonymous_10)","decl":{"start":{"line":83,"column":15},"end":{"line":83,"column":16}},"loc":{"start":{"line":83,"column":36},"end":{"line":83,"column":63}}},"5":{"name":"(anonymous_11)","decl":{"start":{"line":96,"column":9},"end":{"line":96,"column":14}},"loc":{"start":{"line":98,"column":16},"end":{"line":114,"column":3}}},"6":{"name":"(anonymous_12)","decl":{"start":{"line":111,"column":14},"end":{"line":111,"column":15}},"loc":{"start":{"line":111,"column":38},"end":{"line":111,"column":46}}},"7":{"name":"(anonymous_13)","decl":{"start":{"line":112,"column":15},"end":{"line":112,"column":16}},"loc":{"start":{"line":112,"column":36},"end":{"line":112,"column":63}}},"8":{"name":"(anonymous_14)","decl":{"start":{"line":125,"column":9},"end":{"line":125,"column":14}},"loc":{"start":{"line":127,"column":53},"end":{"line":140,"column":3}}},"9":{"name":"(anonymous_15)","decl":{"start":{"line":154,"column":9},"end":{"line":154,"column":14}},"loc":{"start":{"line":158,"column":8},"end":{"line":161,"column":3}}},"10":{"name":"(anonymous_17)","decl":{"start":{"line":171,"column":9},"end":{"line":171,"column":14}},"loc":{"start":{"line":172,"column":53},"end":{"line":180,"column":3}}},"11":{"name":"(anonymous_18)","decl":{"start":{"line":191,"column":9},"end":{"line":191,"column":14}},"loc":{"start":{"line":193,"column":53},"end":{"line":199,"column":3}}},"12":{"name":"(anonymous_20)","decl":{"start":{"line":209,"column":9},"end":{"line":209,"column":14}},"loc":{"start":{"line":210,"column":71},"end":{"line":228,"column":3}}},"13":{"name":"(anonymous_21)","decl":{"start":{"line":213,"column":6},"end":{"line":213,"column":7}},"loc":{"start":{"line":213,"column":17},"end":{"line":225,"column":7}}},"14":{"name":"(anonymous_22)","decl":{"start":{"line":216,"column":18},"end":{"line":216,"column":19}},"loc":{"start":{"line":216,"column":25},"end":{"line":216,"column":50}}},"15":{"name":"(anonymous_23)","decl":{"start":{"line":217,"column":15},"end":{"line":217,"column":16}},"loc":{"start":{"line":218,"column":12},"end":{"line":221,"column":20}}},"16":{"name":"(anonymous_24)","decl":{"start":{"line":220,"column":22},"end":{"line":220,"column":23}},"loc":{"start":{"line":220,"column":29},"end":{"line":220,"column":50}}},"17":{"name":"(anonymous_25)","decl":{"start":{"line":226,"column":6},"end":{"line":226,"column":8}},"loc":{"start":{"line":226,"column":12},"end":{"line":226,"column":30}}},"18":{"name":"(anonymous_26)","decl":{"start":{"line":238,"column":9},"end":{"line":238,"column":14}},"loc":{"start":{"line":242,"column":42},"end":{"line":255,"column":3}}},"19":{"name":"(anonymous_27)","decl":{"start":{"line":245,"column":6},"end":{"line":245,"column":7}},"loc":{"start":{"line":245,"column":20},"end":{"line":252,"column":7}}},"20":{"name":"(anonymous_28)","decl":{"start":{"line":253,"column":6},"end":{"line":253,"column":8}},"loc":{"start":{"line":253,"column":12},"end":{"line":253,"column":30}}}},"branchMap":{"0":{"loc":{"start":{"line":15,"column":49},"end":{"line":15,"column":69}},"type":"default-arg","locations":[{"start":{"line":15,"column":49},"end":{"line":15,"column":69}}]},"1":{"loc":{"start":{"line":34,"column":67},"end":{"line":34,"column":69}},"type":"default-arg","locations":[{"start":{"line":34,"column":67},"end":{"line":34,"column":69}}]},"2":{"loc":{"start":{"line":34,"column":30},"end":{"line":34,"column":32}},"type":"default-arg","locations":[{"start":{"line":34,"column":30},"end":{"line":34,"column":32}}]},"3":{"loc":{"start":{"line":34,"column":41},"end":{"line":34,"column":43}},"type":"default-arg","locations":[{"start":{"line":34,"column":41},"end":{"line":34,"column":43}}]},"4":{"loc":{"start":{"line":34,"column":54},"end":{"line":34,"column":62}},"type":"default-arg","locations":[{"start":{"line":34,"column":54},"end":{"line":34,"column":62}}]},"5":{"loc":{"start":{"line":37,"column":4},"end":{"line":39,"column":5}},"type":"if","locations":[{"start":{"line":37,"column":4},"end":{"line":39,"column":5}},{"start":{"line":37,"column":4},"end":{"line":39,"column":5}}]},"6":{"loc":{"start":{"line":64,"column":8},"end":{"line":64,"column":10}},"type":"default-arg","locations":[{"start":{"line":64,"column":8},"end":{"line":64,"column":10}}]},"7":{"loc":{"start":{"line":62,"column":21},"end":{"line":62,"column":26}},"type":"default-arg","locations":[{"start":{"line":62,"column":21},"end":{"line":62,"column":26}}]},"8":{"loc":{"start":{"line":63,"column":19},"end":{"line":63,"column":65}},"type":"default-arg","locations":[{"start":{"line":63,"column":19},"end":{"line":63,"column":65}}]},"9":{"loc":{"start":{"line":66,"column":4},"end":{"line":84,"column":5}},"type":"if","locations":[{"start":{"line":66,"column":4},"end":{"line":84,"column":5}},{"start":{"line":66,"column":4},"end":{"line":84,"column":5}}]},"10":{"loc":{"start":{"line":100,"column":4},"end":{"line":113,"column":5}},"type":"if","locations":[{"start":{"line":100,"column":4},"end":{"line":113,"column":5}},{"start":{"line":100,"column":4},"end":{"line":113,"column":5}}]},"11":{"loc":{"start":{"line":102,"column":11},"end":{"line":113,"column":5}},"type":"if","locations":[{"start":{"line":102,"column":11},"end":{"line":113,"column":5}},{"start":{"line":102,"column":11},"end":{"line":113,"column":5}}]},"12":{"loc":{"start":{"line":126,"column":14},"end":{"line":126,"column":16}},"type":"default-arg","locations":[{"start":{"line":126,"column":14},"end":{"line":126,"column":16}}]},"13":{"loc":{"start":{"line":127,"column":14},"end":{"line":127,"column":53}},"type":"default-arg","locations":[{"start":{"line":127,"column":14},"end":{"line":127,"column":53}}]},"14":{"loc":{"start":{"line":129,"column":4},"end":{"line":131,"column":5}},"type":"if","locations":[{"start":{"line":129,"column":4},"end":{"line":131,"column":5}},{"start":{"line":129,"column":4},"end":{"line":131,"column":5}}]},"15":{"loc":{"start":{"line":133,"column":4},"end":{"line":139,"column":5}},"type":"if","locations":[{"start":{"line":133,"column":4},"end":{"line":139,"column":5}},{"start":{"line":133,"column":4},"end":{"line":139,"column":5}}]},"16":{"loc":{"start":{"line":158,"column":6},"end":{"line":158,"column":8}},"type":"default-arg","locations":[{"start":{"line":158,"column":6},"end":{"line":158,"column":8}}]},"17":{"loc":{"start":{"line":155,"column":13},"end":{"line":155,"column":21}},"type":"default-arg","locations":[{"start":{"line":155,"column":13},"end":{"line":155,"column":21}}]},"18":{"loc":{"start":{"line":156,"column":13},"end":{"line":156,"column":21}},"type":"default-arg","locations":[{"start":{"line":156,"column":13},"end":{"line":156,"column":21}}]},"19":{"loc":{"start":{"line":157,"column":14},"end":{"line":157,"column":53}},"type":"default-arg","locations":[{"start":{"line":157,"column":14},"end":{"line":157,"column":53}}]},"20":{"loc":{"start":{"line":172,"column":14},"end":{"line":172,"column":53}},"type":"default-arg","locations":[{"start":{"line":172,"column":14},"end":{"line":172,"column":53}}]},"21":{"loc":{"start":{"line":193,"column":14},"end":{"line":193,"column":53}},"type":"default-arg","locations":[{"start":{"line":193,"column":14},"end":{"line":193,"column":53}}]},"22":{"loc":{"start":{"line":195,"column":4},"end":{"line":197,"column":5}},"type":"if","locations":[{"start":{"line":195,"column":4},"end":{"line":197,"column":5}},{"start":{"line":195,"column":4},"end":{"line":197,"column":5}}]},"23":{"loc":{"start":{"line":210,"column":14},"end":{"line":210,"column":71}},"type":"default-arg","locations":[{"start":{"line":210,"column":14},"end":{"line":210,"column":71}}]},"24":{"loc":{"start":{"line":216,"column":25},"end":{"line":216,"column":26}},"type":"binary-expr","locations":[{"start":{"line":216,"column":25},"end":{"line":216,"column":26}},{"start":{"line":216,"column":30},"end":{"line":216,"column":50}}]},"25":{"loc":{"start":{"line":224,"column":15},"end":{"line":224,"column":45}},"type":"binary-expr","locations":[{"start":{"line":224,"column":15},"end":{"line":224,"column":45}},{"start":{"line":224,"column":49},"end":{"line":224,"column":67}}]},"26":{"loc":{"start":{"line":239,"column":14},"end":{"line":242,"column":42}},"type":"default-arg","locations":[{"start":{"line":239,"column":14},"end":{"line":242,"column":42}}]},"27":{"loc":{"start":{"line":247,"column":8},"end":{"line":251,"column":9}},"type":"if","locations":[{"start":{"line":247,"column":8},"end":{"line":251,"column":9}},{"start":{"line":247,"column":8},"end":{"line":251,"column":9}}]},"28":{"loc":{"start":{"line":248,"column":17},"end":{"line":248,"column":43}},"type":"binary-expr","locations":[{"start":{"line":248,"column":17},"end":{"line":248,"column":43}},{"start":{"line":248,"column":47},"end":{"line":248,"column":65}}]}},"s":{"0":2,"1":2,"2":1,"3":1,"4":1,"5":3,"6":1,"7":2,"8":3,"9":1,"10":2,"11":1,"12":1,"13":5,"14":2,"15":3,"16":1,"17":2,"18":2,"19":0,"20":0,"21":3,"22":1,"23":2,"24":1,"25":1,"26":1,"27":1,"28":0,"29":0,"30":2,"31":2,"32":2,"33":0,"34":0,"35":0,"36":0,"37":4,"38":2,"39":6,"40":4,"41":12,"42":2,"43":2,"44":2,"45":1,"46":1,"47":1,"48":0,"49":1,"50":2},"f":{"0":1,"1":3,"2":3,"3":1,"4":1,"5":5,"6":0,"7":0,"8":3,"9":0,"10":2,"11":0,"12":4,"13":2,"14":6,"15":4,"16":12,"17":2,"18":2,"19":1,"20":1},"b":{"0":[0],"1":[1],"2":[1],"3":[1],"4":[3],"5":[1,2],"6":[3],"7":[3],"8":[3],"9":[1,2],"10":[2,3],"11":[1,2],"12":[0],"13":[1],"14":[1,2],"15":[1,1],"16":[0],"17":[0],"18":[0],"19":[0],"20":[0],"21":[0],"22":[0,0],"23":[1],"24":[6,4],"25":[2,0],"26":[1],"27":[1,0],"28":[1,0]}}
,"/Users/victor/Code/ftoy-cli/src/utils/npm.ts": {"path":"/Users/victor/Code/ftoy-cli/src/utils/npm.ts","statementMap":{"0":{"start":{"line":1,"column":0},"end":{"line":1,"column":35}},"1":{"start":{"line":7,"column":4},"end":{"line":7,"column":73}},"2":{"start":{"line":7,"column":55},"end":{"line":7,"column":71}},"3":{"start":{"line":4,"column":16},"end":{"line":4,"column":51}},"4":{"start":{"line":3,"column":0},"end":{"line":9,"column":1}}},"fnMap":{"0":{"name":"(anonymous_0)","decl":{"start":{"line":6,"column":9},"end":{"line":6,"column":14}},"loc":{"start":{"line":6,"column":34},"end":{"line":8,"column":3}}},"1":{"name":"(anonymous_1)","decl":{"start":{"line":7,"column":46},"end":{"line":7,"column":47}},"loc":{"start":{"line":7,"column":55},"end":{"line":7,"column":71}}}},"branchMap":{},"s":{"0":1,"1":1,"2":3,"3":1,"4":1},"f":{"0":1,"1":3},"b":{}}
}
