TN:
SF:/Users/victor/Code/ftoy-cli/src/utils/command.ts
FN:8,(anonymous_0)
FN:21,(anonymous_1)
FN:32,(anonymous_2)
FN:39,(anonymous_3)
FNF:4
FNH:4
FNDA:6,(anonymous_0)
FNDA:22,(anonymous_1)
FNDA:9,(anonymous_2)
FNDA:8,(anonymous_3)
DA:1,4
DA:7,4
DA:9,6
DA:10,1
DA:12,5
DA:13,5
DA:14,4
DA:16,1
DA:25,22
DA:26,1
DA:28,21
DA:36,9
DA:37,1
DA:39,8
DA:40,8
DA:41,8
DA:42,4
DA:44,4
LF:18
LH:18
BRDA:8,0,0,6
BRDA:8,1,0,6
BRDA:9,2,0,1
BRDA:9,2,1,5
BRDA:23,3,0,5
BRDA:25,4,0,1
BRDA:25,4,1,21
BRDA:34,5,0,3
BRDA:36,6,0,1
BRDA:36,6,1,8
BRF:10
BRH:10
end_of_record
TN:
SF:/Users/victor/Code/ftoy-cli/src/utils/directory.ts
FN:4,(anonymous_0)
FN:14,(anonymous_1)
FN:17,(anonymous_2)
FNF:3
FNH:3
FNDA:5,(anonymous_0)
FNDA:15,(anonymous_1)
FNDA:15,(anonymous_2)
DA:1,1
DA:3,1
DA:8,5
DA:9,1
DA:11,4
DA:12,4
DA:14,15
DA:15,1
DA:17,15
DA:18,1
DA:20,4
LF:11
LH:11
BRDA:6,0,0,2
BRDA:6,1,0,4
BRDA:6,2,0,3
BRDA:8,3,0,1
BRDA:8,3,1,4
BRDA:13,4,0,1
BRDA:13,4,1,1
BRF:7
BRH:7
end_of_record
TN:
SF:/Users/victor/Code/ftoy-cli/src/utils/git.ts
FN:14,(anonymous_6)
FN:34,(anonymous_7)
FN:59,(anonymous_8)
FN:82,(anonymous_9)
FN:83,(anonymous_10)
FN:96,(anonymous_11)
FN:111,(anonymous_12)
FN:112,(anonymous_13)
FN:125,(anonymous_14)
FN:154,(anonymous_15)
FN:171,(anonymous_17)
FN:191,(anonymous_18)
FN:209,(anonymous_20)
FN:213,(anonymous_21)
FN:216,(anonymous_22)
FN:217,(anonymous_23)
FN:220,(anonymous_24)
FN:226,(anonymous_25)
FN:238,(anonymous_26)
FN:245,(anonymous_27)
FN:253,(anonymous_28)
FNF:21
FNH:17
FNDA:1,(anonymous_6)
FNDA:3,(anonymous_7)
FNDA:3,(anonymous_8)
FNDA:1,(anonymous_9)
FNDA:1,(anonymous_10)
FNDA:5,(anonymous_11)
FNDA:0,(anonymous_12)
FNDA:0,(anonymous_13)
FNDA:3,(anonymous_14)
FNDA:0,(anonymous_15)
FNDA:2,(anonymous_17)
FNDA:0,(anonymous_18)
FNDA:4,(anonymous_20)
FNDA:2,(anonymous_21)
FNDA:6,(anonymous_22)
FNDA:4,(anonymous_23)
FNDA:12,(anonymous_24)
FNDA:2,(anonymous_25)
FNDA:2,(anonymous_26)
FNDA:1,(anonymous_27)
FNDA:1,(anonymous_28)
DA:1,2
DA:3,2
DA:5,2
DA:17,1
DA:18,1
DA:19,1
DA:37,3
DA:38,1
DA:41,2
DA:66,3
DA:67,1
DA:69,2
DA:82,1
DA:83,1
DA:100,5
DA:101,2
DA:102,3
DA:103,1
DA:105,2
DA:106,2
DA:111,0
DA:112,0
DA:129,3
DA:130,1
DA:133,2
DA:134,1
DA:135,1
DA:136,1
DA:138,1
DA:159,0
DA:160,0
DA:174,2
DA:175,2
DA:176,2
DA:178,0
DA:195,0
DA:196,0
DA:198,0
DA:212,4
DA:214,2
DA:216,6
DA:218,4
DA:220,12
DA:224,2
DA:226,2
DA:244,2
DA:246,1
DA:247,1
DA:248,1
DA:250,0
DA:253,1
LF:51
LH:42
BRDA:15,0,0,0
BRDA:34,1,0,1
BRDA:34,2,0,1
BRDA:34,3,0,1
BRDA:34,4,0,3
BRDA:37,5,0,1
BRDA:37,5,1,2
BRDA:64,6,0,3
BRDA:62,7,0,3
BRDA:63,8,0,3
BRDA:66,9,0,1
BRDA:66,9,1,2
BRDA:100,10,0,2
BRDA:100,10,1,3
BRDA:102,11,0,1
BRDA:102,11,1,2
BRDA:126,12,0,0
BRDA:127,13,0,1
BRDA:129,14,0,1
BRDA:129,14,1,2
BRDA:133,15,0,1
BRDA:133,15,1,1
BRDA:158,16,0,0
BRDA:155,17,0,0
BRDA:156,18,0,0
BRDA:157,19,0,0
BRDA:172,20,0,0
BRDA:193,21,0,0
BRDA:195,22,0,0
BRDA:195,22,1,0
BRDA:210,23,0,1
BRDA:216,24,0,6
BRDA:216,24,1,4
BRDA:224,25,0,2
BRDA:224,25,1,0
BRDA:239,26,0,1
BRDA:247,27,0,1
BRDA:247,27,1,0
BRDA:248,28,0,1
BRDA:248,28,1,0
BRF:40
BRH:27
end_of_record
TN:
SF:/Users/victor/Code/ftoy-cli/src/utils/npm.ts
FN:6,(anonymous_0)
FN:7,(anonymous_1)
FNF:2
FNH:2
FNDA:1,(anonymous_0)
FNDA:3,(anonymous_1)
DA:1,1
DA:3,1
DA:4,1
DA:7,3
LF:4
LH:4
BRF:0
BRH:0
end_of_record
