TN:
SF:/Users/victor/Code/ftoy-cli/src/utils/command.ts
FN:8,(anonymous_0)
FN:21,(anonymous_1)
FN:32,(anonymous_2)
FN:39,(anonymous_3)
FNF:4
FNH:3
FNDA:0,(anonymous_0)
FNDA:1,(anonymous_1)
FNDA:1,(anonymous_2)
FNDA:1,(anonymous_3)
DA:1,1
DA:7,1
DA:9,0
DA:10,0
DA:12,0
DA:13,0
DA:14,0
DA:16,0
DA:25,1
DA:26,0
DA:28,1
DA:36,1
DA:37,0
DA:39,1
DA:40,1
DA:41,1
DA:42,1
DA:44,0
LF:18
LH:9
BRDA:8,0,0,0
BRDA:8,1,0,0
BRDA:9,2,0,0
BRDA:9,2,1,0
BRDA:23,3,0,0
BRDA:25,4,0,0
BRDA:25,4,1,1
BRDA:34,5,0,0
BRDA:36,6,0,0
BRDA:36,6,1,1
BRF:10
BRH:2
end_of_record
TN:
SF:/Users/victor/Code/ftoy-cli/src/utils/git.ts
FN:14,(anonymous_6)
FN:33,(anonymous_7)
FN:58,(anonymous_8)
FN:81,(anonymous_9)
FN:82,(anonymous_10)
FN:95,(anonymous_11)
FN:107,(anonymous_12)
FN:108,(anonymous_13)
FN:121,(anonymous_14)
FN:136,(anonymous_15)
FN:137,(anonymous_16)
FN:150,(anonymous_17)
FN:179,(anonymous_19)
FN:196,(anonymous_21)
FN:216,(anonymous_22)
FN:226,(anonymous_24)
FN:232,(anonymous_25)
FN:236,(anonymous_26)
FN:241,(anonymous_27)
FN:242,(anonymous_28)
FN:245,(anonymous_29)
FN:248,(anonymous_30)
FN:252,(anonymous_31)
FNF:23
FNH:6
FNDA:0,(anonymous_6)
FNDA:0,(anonymous_7)
FNDA:0,(anonymous_8)
FNDA:0,(anonymous_9)
FNDA:0,(anonymous_10)
FNDA:0,(anonymous_11)
FNDA:0,(anonymous_12)
FNDA:0,(anonymous_13)
FNDA:0,(anonymous_14)
FNDA:0,(anonymous_15)
FNDA:0,(anonymous_16)
FNDA:0,(anonymous_17)
FNDA:0,(anonymous_19)
FNDA:0,(anonymous_21)
FNDA:0,(anonymous_22)
FNDA:0,(anonymous_24)
FNDA:1,(anonymous_25)
FNDA:1,(anonymous_26)
FNDA:3,(anonymous_27)
FNDA:2,(anonymous_28)
FNDA:6,(anonymous_29)
FNDA:2,(anonymous_30)
FNDA:0,(anonymous_31)
DA:1,1
DA:3,1
DA:5,1
DA:17,0
DA:18,0
DA:36,0
DA:37,0
DA:40,0
DA:65,0
DA:66,0
DA:68,0
DA:81,0
DA:82,0
DA:96,0
DA:97,0
DA:98,0
DA:99,0
DA:101,0
DA:102,0
DA:107,0
DA:108,0
DA:125,0
DA:126,0
DA:127,0
DA:128,0
DA:130,0
DA:131,0
DA:136,0
DA:137,0
DA:154,0
DA:155,0
DA:158,0
DA:159,0
DA:160,0
DA:161,0
DA:163,0
DA:184,0
DA:185,0
DA:199,0
DA:200,0
DA:201,0
DA:203,0
DA:220,0
DA:221,0
DA:223,0
DA:235,1
DA:237,1
DA:239,1
DA:241,3
DA:243,2
DA:245,6
DA:248,2
DA:250,1
DA:252,0
LF:54
LH:11
BRDA:15,0,0,0
BRDA:33,1,0,0
BRDA:33,2,0,0
BRDA:33,3,0,0
BRDA:33,4,0,0
BRDA:36,5,0,0
BRDA:36,5,1,0
BRDA:63,6,0,0
BRDA:61,7,0,0
BRDA:62,8,0,0
BRDA:65,9,0,0
BRDA:65,9,1,0
BRDA:96,10,0,0
BRDA:96,10,1,0
BRDA:98,11,0,0
BRDA:98,11,1,0
BRDA:125,12,0,0
BRDA:125,12,1,0
BRDA:127,13,0,0
BRDA:127,13,1,0
BRDA:151,14,0,0
BRDA:152,15,0,0
BRDA:154,16,0,0
BRDA:154,16,1,0
BRDA:158,17,0,0
BRDA:158,17,1,0
BRDA:183,18,0,0
BRDA:180,19,0,0
BRDA:181,20,0,0
BRDA:182,21,0,0
BRDA:197,22,0,0
BRDA:218,23,0,0
BRDA:220,24,0,0
BRDA:220,24,1,0
BRDA:227,25,0,0
BRDA:233,26,0,1
BRDA:241,27,0,3
BRDA:241,27,1,2
BRDA:248,28,0,0
BRDA:248,29,0,2
BRDA:248,29,1,2
BRF:41
BRH:5
end_of_record
